0 info it worked if it ends with ok
1 verbose cli [ '/usr/local/node/bin/node',
1 verbose cli   '/usr/local/node/bin/npm',
1 verbose cli   'install',
1 verbose cli   'sync_prompt' ]
2 info using npm@1.4.14
3 info using node@v0.10.29
4 verbose cache add [ 'sync_prompt', null ]
5 verbose cache add name=undefined spec="sync_prompt" args=["sync_prompt",null]
6 verbose parsed url { protocol: null,
6 verbose parsed url   slashes: null,
6 verbose parsed url   auth: null,
6 verbose parsed url   host: null,
6 verbose parsed url   port: null,
6 verbose parsed url   hostname: null,
6 verbose parsed url   hash: null,
6 verbose parsed url   search: null,
6 verbose parsed url   query: null,
6 verbose parsed url   pathname: 'sync_prompt',
6 verbose parsed url   path: 'sync_prompt',
6 verbose parsed url   href: 'sync_prompt' }
7 silly lockFile b7a6963c-sync-prompt sync_prompt
8 verbose lock sync_prompt /home/nss/.npm/b7a6963c-sync-prompt.lock
9 silly lockFile b7a6963c-sync-prompt sync_prompt
10 silly lockFile b7a6963c-sync-prompt sync_prompt
11 verbose addNamed [ 'sync_prompt', '' ]
12 verbose addNamed [ null, '*' ]
13 silly lockFile 95a1a7b9-sync-prompt sync_prompt@
14 verbose lock sync_prompt@ /home/nss/.npm/95a1a7b9-sync-prompt.lock
15 silly addNameRange { name: 'sync_prompt', range: '*', hasData: false }
16 verbose url raw sync_prompt
17 verbose url resolving [ 'https://registry.npmjs.org/', './sync_prompt' ]
18 verbose url resolved https://registry.npmjs.org/sync_prompt
19 info trying registry request attempt 1 at 16:42:06
20 http GET https://registry.npmjs.org/sync_prompt
21 http 404 https://registry.npmjs.org/sync_prompt
22 verbose headers { date: 'Wed, 09 Jul 2014 22:28:06 GMT',
22 verbose headers   server: 'CouchDB/1.5.0 (Erlang OTP/R14B04)',
22 verbose headers   'content-type': 'application/json',
22 verbose headers   'cache-control': 'max-age=0',
22 verbose headers   'content-length': '52',
22 verbose headers   'accept-ranges': 'bytes',
22 verbose headers   via: '1.1 varnish',
22 verbose headers   age: '0',
22 verbose headers   'x-served-by': 'cache-jfk1023-JFK',
22 verbose headers   'x-cache': 'MISS',
22 verbose headers   'x-cache-hits': '0',
22 verbose headers   'x-timer': 'S1404944886.465520,VS0,VE88',
22 verbose headers   'keep-alive': 'timeout=10, max=50',
22 verbose headers   connection: 'Keep-Alive' }
23 silly registry.get cb [ 404,
23 silly registry.get   { date: 'Wed, 09 Jul 2014 22:28:06 GMT',
23 silly registry.get     server: 'CouchDB/1.5.0 (Erlang OTP/R14B04)',
23 silly registry.get     'content-type': 'application/json',
23 silly registry.get     'cache-control': 'max-age=0',
23 silly registry.get     'content-length': '52',
23 silly registry.get     'accept-ranges': 'bytes',
23 silly registry.get     via: '1.1 varnish',
23 silly registry.get     age: '0',
23 silly registry.get     'x-served-by': 'cache-jfk1023-JFK',
23 silly registry.get     'x-cache': 'MISS',
23 silly registry.get     'x-cache-hits': '0',
23 silly registry.get     'x-timer': 'S1404944886.465520,VS0,VE88',
23 silly registry.get     'keep-alive': 'timeout=10, max=50',
23 silly registry.get     connection: 'Keep-Alive' } ]
24 silly lockFile 95a1a7b9-sync-prompt sync_prompt@
25 silly lockFile 95a1a7b9-sync-prompt sync_prompt@
26 error 404 404 Not Found: sync_prompt
26 error 404
26 error 404 'sync_prompt' is not in the npm registry.
26 error 404 You should bug the author to publish it
26 error 404
26 error 404 Note that you can also install from a
26 error 404 tarball, folder, or http url, or git url.
27 error System Linux 3.13.0-24-generic
28 error command "/usr/local/node/bin/node" "/usr/local/node/bin/npm" "install" "sync_prompt"
29 error cwd /home/nss/apps/code/trip-calculator
30 error node -v v0.10.29
31 error npm -v 1.4.14
32 error code E404
33 verbose exit [ 1, true ]
